<?xml version="1.0" encoding="UTF-8"?>
<testng-results ignored="0" total="1" passed="1" failed="0" skipped="0">
  <reporter-output>
  </reporter-output>
  <suite started-at="2025-08-08T14:21:00 IST" name="Default suite" finished-at="2025-08-08T14:21:11 IST" duration-ms="11515">
    <groups>
    </groups>
    <test started-at="2025-08-08T14:21:00 IST" name="Default test" finished-at="2025-08-08T14:21:11 IST" duration-ms="11515">
      <class name="com.teachily.SchoolAdminTests.StudentsTest">
        <test-method is-config="true" signature="openWebsite()[pri:0, instance:com.teachily.SchoolAdminTests.StudentsTest@4135c3b]" started-at="2025-08-08T14:20:56 IST" name="openWebsite" finished-at="2025-08-08T14:21:00 IST" duration-ms="3458" status="PASS">
          <reporter-output>
          </reporter-output>
        </test-method> <!-- openWebsite -->
        <test-method signature="addANewStudent()[pri:0, instance:com.teachily.SchoolAdminTests.StudentsTest@4135c3b]" started-at="2025-08-08T14:21:00 IST" name="addANewStudent" finished-at="2025-08-08T14:21:11 IST" duration-ms="11475" status="PASS">
          <reporter-output>
          </reporter-output>
        </test-method> <!-- addANewStudent -->
        <test-method is-config="true" signature="closeWebsite()[pri:0, instance:com.teachily.SchoolAdminTests.StudentsTest@4135c3b]" started-at="2025-08-08T14:21:11 IST" name="closeWebsite" finished-at="2025-08-08T14:21:16 IST" duration-ms="5372" status="PASS">
          <reporter-output>
          </reporter-output>
        </test-method> <!-- closeWebsite -->
      </class> <!-- com.teachily.SchoolAdminTests.StudentsTest -->
    </test> <!-- Default test -->
  </suite> <!-- Default suite -->
</testng-results>
