<?xml version="1.0" encoding="UTF-8"?>
<testng-results ignored="0" total="1" passed="1" failed="0" skipped="0">
  <reporter-output>
  </reporter-output>
  <suite started-at="2025-08-06T15:36:40 IST" name="Default suite" finished-at="2025-08-06T15:36:40 IST" duration-ms="632">
    <groups>
    </groups>
    <test started-at="2025-08-06T15:36:40 IST" name="Default test" finished-at="2025-08-06T15:36:40 IST" duration-ms="632">
      <class name="com.teachily.tests.AboutUsTest">
        <test-method is-config="true" signature="openWebsite()[pri:0, instance:com.teachily.tests.AboutUsTest@747ddf94]" started-at="2025-08-06T15:36:33 IST" name="openWebsite" finished-at="2025-08-06T15:36:40 IST" duration-ms="7246" status="PASS">
          <reporter-output>
          </reporter-output>
        </test-method> <!-- openWebsite -->
        <test-method signature="checkAboutUsPage()[pri:0, instance:com.teachily.tests.AboutUsTest@747ddf94]" started-at="2025-08-06T15:36:40 IST" name="checkAboutUsPage" finished-at="2025-08-06T15:36:40 IST" duration-ms="606" status="PASS">
          <reporter-output>
          </reporter-output>
        </test-method> <!-- checkAboutUsPage -->
        <test-method is-config="true" signature="closeWebsite()[pri:0, instance:com.teachily.tests.AboutUsTest@747ddf94]" started-at="2025-08-06T15:36:40 IST" name="closeWebsite" finished-at="2025-08-06T15:36:47 IST" duration-ms="6038" status="PASS">
          <reporter-output>
          </reporter-output>
        </test-method> <!-- closeWebsite -->
      </class> <!-- com.teachily.tests.AboutUsTest -->
    </test> <!-- Default test -->
  </suite> <!-- Default suite -->
</testng-results>
